<?xml version="1.0" encoding="UTF-8"?>
<!-- Generated by org.testng.reporters.JUnitReportReporter -->
<testsuite hostname="DESKTOP-GT5VKB2" failures="0" tests="1" name="com.facebok.CreateTest.PageFactoryLOginTest" time="0.209" errors="0" timestamp="2023-03-26T14:47:19 BDT" skipped="0">
  <testcase classname="com.facebok.CreateTest.PageFactoryLOginTest" name="test" time="0.209"/>
  <system-out/>
</testsuite> <!-- com.facebok.CreateTest.PageFactoryLOginTest -->
